2020-07-30 09:53:32,494  INFO [main] Log4jTestWatcher:28 - Success: requestPersonalDetails_checkGender_expectMan(tests.PersonalDetailsTests)
2020-07-30 09:53:32,531  INFO [main] Log4jTestWatcher:28 - Success: requestPersonalDetails_checkContentType_expectApplicationJson(tests.PersonalDetailsTests)
2020-07-30 09:53:32,962  INFO [main] Log4jTestWatcher:28 - Success: requestPersonalDetails_checkDeathDay_expectDeathDay(tests.PersonalDetailsTests)
2020-07-30 09:53:33,030  INFO [main] Log4jTestWatcher:28 - Success: extractPersonIdFromResponse(tests.PersonalDetailsTests)
2020-07-30 09:53:33,050  INFO [main] Log4jTestWatcher:28 - Success: requestPersonalDetails_checkPersonalDetailsObject_expectPersonalDetailsObject(tests.PersonalDetailsTests)
2020-07-30 09:53:33,075  INFO [main] Log4jTestWatcher:28 - Success: requestPersonalDetails_checkBirthDay_expectBirthDay(tests.PersonalDetailsTests)
2020-07-30 09:53:33,102  INFO [main] Log4jTestWatcher:28 - Success: requestPersonalDetails_checkResponseCode_expect200(tests.PersonalDetailsTests)
2020-07-30 09:53:33,126  INFO [main] Log4jTestWatcher:28 - Success: requestPersonalDetails_checkResponseCode_expect404(tests.PersonalDetailsTests)
2020-07-30 09:53:33,151  INFO [main] Log4jTestWatcher:28 - Success: requestPersonalDetails_checkResponseCode_expect500(tests.PersonalDetailsTests)
2020-07-30 09:53:33,354  INFO [main] Log4jTestWatcher:28 - Success: updateBankAccountWithoutAccountNumber_checkResponseCode_expect500(tests.BankAccountDetailsTests)
2020-07-30 09:53:33,437  INFO [main] Log4jTestWatcher:28 - Success: updateBankAccount_checkBankAccount_expectBankAccount(tests.BankAccountDetailsTests)
2020-07-30 09:53:33,459  INFO [main] Log4jTestWatcher:28 - Success: updateNotExistingBankAccount_checkResponseCode_expect404(tests.BankAccountDetailsTests)
2020-07-30 09:53:33,494  INFO [main] Log4jTestWatcher:28 - Success: requestBankAccount_checkAccountNumber_expectAccountNumber(tests.BankAccountDetailsTests)
2020-07-30 09:53:33,515  INFO [main] Log4jTestWatcher:28 - Success: updateBankAccountWithoutCurrencyAndBankName_checkResponseCode_expect500(tests.BankAccountDetailsTests)
2020-07-30 09:53:33,559  INFO [main] Log4jTestWatcher:28 - Success: requestBankAccount_checkAccountNumber_expectAccountNumberSize(tests.BankAccountDetailsTests)
2020-07-30 09:53:33,607  INFO [main] Log4jTestWatcher:28 - Success: requestBankAccount_checkCurrency_expectCurrencySize(tests.BankAccountDetailsTests)
2020-07-30 09:53:33,621  INFO [main] Log4jTestWatcher:28 - Success: requestBankAccount_checkContentType_expectApplicationJson(tests.BankAccountDetailsTests)
2020-07-30 09:53:33,642  INFO [main] Log4jTestWatcher:28 - Success: updateBankAccount_checkAccountNumber_checkResponseCode_expect200(tests.BankAccountDetailsTests)
2020-07-30 09:53:33,657  INFO [main] Log4jTestWatcher:28 - Success: requestBankAccount_checkBankName_expectBankName(tests.BankAccountDetailsTests)
2020-07-30 09:53:33,672  INFO [main] Log4jTestWatcher:28 - Success: requestBankAccount_checkResponseCode_expect200(tests.BankAccountDetailsTests)
2020-07-30 09:53:33,691  INFO [main] Log4jTestWatcher:28 - Success: requestBankAccount_checkResponseCode_expect404(tests.BankAccountDetailsTests)
